Using pre-set license
Built from '2020.3/staging' branch; Version is '2020.3.39f1 (fd6670bb8be9) revision 16606832'; Using compiler version '192528614'; Build Type 'Release'
OS: 'Windows 10  (10.0.19043) 64bit Core' Language: 'en' Physical Memory: 16196 MB
BatchMode: 1, IsHumanControllingUs: 0, StartBugReporterOnCrash: 0, Is64bit: 1, IsPro: 0

COMMAND LINE ARGUMENTS:
C:\Program Files\Unity\Hub\Editor\2020.3.39f1\Editor\Unity.exe
-adb2
-batchMode
-noUpm
-name
AssetImportWorker0
-projectPath
C:/Users/Cerat/OneDrive/Documents/Github/UP_Tektronix_Capstone/Hololens Demo
-logFile
Logs/AssetImportWorker0.log
-srvPort
53734
Successfully changed project path to: C:/Users/Cerat/OneDrive/Documents/Github/UP_Tektronix_Capstone/Hololens Demo
C:/Users/Cerat/OneDrive/Documents/Github/UP_Tektronix_Capstone/Hololens Demo
Using Asset Import Pipeline V2.
Multiple plugins with the same name 'basedspl' (found at 'Assets/RSA_API/lib/x86/BaseDSPL.dll' and 'Assets/RSA_API/lib/x64/BaseDSPL.dll'). That means one or more plugins are set to be compatible with Editor. Only one plugin at the time can be used by Editor.
Multiple plugins with the same name 'rsa_api' (found at 'Assets/RSA_API/lib/x86/RSA_API.dll' and 'Assets/RSA_API/lib/x64/RSA_API.dll'). That means one or more plugins are set to be compatible with Editor. Only one plugin at the time can be used by Editor.
Multiple plugins with the same name 'sharedutils' (found at 'Assets/RSA_API/lib/x64/SharedUtils.dll' and 'Assets/RSA_API/lib/x86/SharedUtils.dll'). That means one or more plugins are set to be compatible with Editor. Only one plugin at the time can be used by Editor.
Multiple plugins with the same name 'rsa500api' (found at 'Assets/RSA_API/lib/x86/RSA500API.dll' and 'Assets/RSA_API/lib/x64/RSA500API.dll'). That means one or more plugins are set to be compatible with Editor. Only one plugin at the time can be used by Editor.
Multiple plugins with the same name 'rsa300api' (found at 'Assets/RSA_API/lib/x64/RSA300API.dll' and 'Assets/RSA_API/lib/x86/RSA300API.dll'). That means one or more plugins are set to be compatible with Editor. Only one plugin at the time can be used by Editor.
Multiple plugins with the same name 'gpmeasdsp' (found at 'Assets/RSA_API/lib/x64/GPMeasDSP.dll' and 'Assets/RSA_API/lib/x86/GPMeasDSP.dll'). That means one or more plugins are set to be compatible with Editor. Only one plugin at the time can be used by Editor.
Refreshing native plugins compatible for Editor in 237.02 ms, found 21 plugins.
Preloading 0 native plugins for Editor in 0.00 ms.
Initialize engine version: 2020.3.39f1 (fd6670bb8be9)
[Subsystems] Discovering subsystems at path C:/Program Files/Unity/Hub/Editor/2020.3.39f1/Editor/Data/Resources/UnitySubsystems
[Subsystems] Discovering subsystems at path C:/Users/Cerat/OneDrive/Documents/Github/UP_Tektronix_Capstone/Hololens Demo/Assets
GfxDevice: creating device client; threaded=0
Direct3D:
    Version:  Direct3D 11.0 [level 11.1]
    Renderer: NVIDIA GeForce RTX 2070 with Max-Q Design (ID=0x1f10)
    Vendor:   
    VRAM:     8031 MB
    Driver:   30.0.14.9613
Initialize mono
Mono path[0] = 'C:/Program Files/Unity/Hub/Editor/2020.3.39f1/Editor/Data/Managed'
Mono path[1] = 'C:/Program Files/Unity/Hub/Editor/2020.3.39f1/Editor/Data/MonoBleedingEdge/lib/mono/unityjit'
Mono config path = 'C:/Program Files/Unity/Hub/Editor/2020.3.39f1/Editor/Data/MonoBleedingEdge/etc'
Using monoOptions --debugger-agent=transport=dt_socket,embedding=1,server=y,suspend=n,address=127.0.0.1:56736
Begin MonoManager ReloadAssembly
Registering precompiled unity dll's ...
Register platform support module: C:/Program Files/Unity/Hub/Editor/2020.3.39f1/Editor/Data/PlaybackEngines/WindowsStandaloneSupport/UnityEditor.WindowsStandalone.Extensions.dll
Registered in 0.004462 seconds.
Native extension for WindowsStandalone target not found
Multiple plugins with the same name 'basedspl' (found at 'Assets/RSA_API/lib/x86/BaseDSPL.dll' and 'Assets/RSA_API/lib/x64/BaseDSPL.dll'). That means one or more plugins are set to be compatible with Editor. Only one plugin at the time can be used by Editor.
Multiple plugins with the same name 'rsa_api' (found at 'Assets/RSA_API/lib/x86/RSA_API.dll' and 'Assets/RSA_API/lib/x64/RSA_API.dll'). That means one or more plugins are set to be compatible with Editor. Only one plugin at the time can be used by Editor.
Multiple plugins with the same name 'sharedutils' (found at 'Assets/RSA_API/lib/x64/SharedUtils.dll' and 'Assets/RSA_API/lib/x86/SharedUtils.dll'). That means one or more plugins are set to be compatible with Editor. Only one plugin at the time can be used by Editor.
Multiple plugins with the same name 'rsa500api' (found at 'Assets/RSA_API/lib/x86/RSA500API.dll' and 'Assets/RSA_API/lib/x64/RSA500API.dll'). That means one or more plugins are set to be compatible with Editor. Only one plugin at the time can be used by Editor.
Multiple plugins with the same name 'rsa300api' (found at 'Assets/RSA_API/lib/x64/RSA300API.dll' and 'Assets/RSA_API/lib/x86/RSA300API.dll'). That means one or more plugins are set to be compatible with Editor. Only one plugin at the time can be used by Editor.
Multiple plugins with the same name 'gpmeasdsp' (found at 'Assets/RSA_API/lib/x64/GPMeasDSP.dll' and 'Assets/RSA_API/lib/x86/GPMeasDSP.dll'). That means one or more plugins are set to be compatible with Editor. Only one plugin at the time can be used by Editor.
Refreshing native plugins compatible for Editor in 164.42 ms, found 21 plugins.
Preloading 0 native plugins for Editor in 0.00 ms.
Mono: successfully reloaded assembly
- Completed reload, in  1.426 seconds
Domain Reload Profiling:
	ReloadAssembly (1426ms)
		BeginReloadAssembly (145ms)
			ExecutionOrderSort (0ms)
			DisableScriptedObjects (0ms)
			BackupInstance (0ms)
			ReleaseScriptingObjects (0ms)
			CreateAndSetChildDomain (2ms)
		EndReloadAssembly (1106ms)
			LoadAssemblies (140ms)
			RebuildTransferFunctionScriptingTraits (0ms)
			SetupTypeCache (333ms)
			ReleaseScriptCaches (0ms)
			RebuildScriptCaches (70ms)
			SetupLoadedEditorAssemblies (449ms)
				LogAssemblyErrors (0ms)
				InitializePlatformSupportModulesInManaged (11ms)
				SetLoadedEditorAssemblies (0ms)
				RefreshPlugins (165ms)
				BeforeProcessingInitializeOnLoad (17ms)
				ProcessInitializeOnLoadAttributes (191ms)
				ProcessInitializeOnLoadMethodAttributes (65ms)
				AfterProcessingInitializeOnLoad (0ms)
				EditorAssembliesLoaded (0ms)
			ExecutionOrderSort2 (0ms)
			AwakeInstancesAfterBackupRestoration (0ms)
Platform modules already initialized, skipping
Registering precompiled user dll's ...
Registered in 0.033915 seconds.
Begin MonoManager ReloadAssembly
Native extension for WindowsStandalone target not found
Multiple plugins with the same name 'basedspl' (found at 'Assets/RSA_API/lib/x86/BaseDSPL.dll' and 'Assets/RSA_API/lib/x64/BaseDSPL.dll'). That means one or more plugins are set to be compatible with Editor. Only one plugin at the time can be used by Editor.
Multiple plugins with the same name 'rsa_api' (found at 'Assets/RSA_API/lib/x86/RSA_API.dll' and 'Assets/RSA_API/lib/x64/RSA_API.dll'). That means one or more plugins are set to be compatible with Editor. Only one plugin at the time can be used by Editor.
Multiple plugins with the same name 'sharedutils' (found at 'Assets/RSA_API/lib/x64/SharedUtils.dll' and 'Assets/RSA_API/lib/x86/SharedUtils.dll'). That means one or more plugins are set to be compatible with Editor. Only one plugin at the time can be used by Editor.
Multiple plugins with the same name 'rsa500api' (found at 'Assets/RSA_API/lib/x86/RSA500API.dll' and 'Assets/RSA_API/lib/x64/RSA500API.dll'). That means one or more plugins are set to be compatible with Editor. Only one plugin at the time can be used by Editor.
Multiple plugins with the same name 'rsa300api' (found at 'Assets/RSA_API/lib/x64/RSA300API.dll' and 'Assets/RSA_API/lib/x86/RSA300API.dll'). That means one or more plugins are set to be compatible with Editor. Only one plugin at the time can be used by Editor.
Multiple plugins with the same name 'gpmeasdsp' (found at 'Assets/RSA_API/lib/x64/GPMeasDSP.dll' and 'Assets/RSA_API/lib/x86/GPMeasDSP.dll'). That means one or more plugins are set to be compatible with Editor. Only one plugin at the time can be used by Editor.
Refreshing native plugins compatible for Editor in 180.48 ms, found 21 plugins.
Preloading 0 native plugins for Editor in 0.00 ms.
Added DLL directory C:\Users\Cerat\OneDrive\Documents\Github\UP_Tektronix_Capstone\Hololens Demo\Library\PackageCache\com.microsoft.mixedreality.input@c707ff4d69e7\Plugins\Windows\x64 to the user search path.
UnityEngine.StackTraceUtility:ExtractStackTrace ()
UnityEngine.DebugLogHandler:LogFormat (UnityEngine.LogType,UnityEngine.Object,string,object[])
UnityEngine.Logger:Log (UnityEngine.LogType,object)
UnityEngine.Debug:Log (object)
Microsoft.MixedReality.Input.Init:.cctor () (at Library/PackageCache/com.microsoft.mixedreality.input@c707ff4d69e7/Editor/Microsoft.MixedReality.Input.Init.cs:88)
System.Runtime.CompilerServices.RuntimeHelpers:RunClassConstructor (System.RuntimeTypeHandle)
UnityEditor.EditorAssemblies:ProcessInitializeOnLoadAttributes (System.Type[])

(Filename: Library/PackageCache/com.microsoft.mixedreality.input@c707ff4d69e7/Editor/Microsoft.MixedReality.Input.Init.cs Line: 88)

[XR] Error loading subsystem: Display (1) (header mismatch?)
[XR] [MROpenXR][Info   ][14:02:14.241016][tid:3ffc] MeshProvider_RegisterLifecycleProvider
[XR] [MROpenXR][Info   ][14:02:14.241329][tid:3ffc] InputProvider_RegisterLifeCycleProvider
[XR] [MROpenXR][Info   ][14:02:14.243978][tid:3ffc] MicrosoftOpenXRPlugin_SetPluginEnvironment unityVersion=2020.3.39f1
[XR] [MROpenXR][Info   ][14:02:14.245927][tid:3ffc] MicrosoftOpenXRPlugin_SetPluginEnvironment openXRPluginVersion=1.5.1
[XR] [MROpenXR][Info   ][14:02:14.246085][tid:3ffc] MicrosoftOpenXRPlugin_SetPluginEnvironment mrOpenXRPluginVersion=1.3.1.0
[XR] [MROpenXR][Info   ][14:02:14.246349][tid:3ffc] OnPluginStarted UnityVersion=2020.3.39f1 OpenXRPluginVersion=1.5.1 MROpenXRPluginVersion=1.3.1.0 PartA_PrivTags=33554432
Mono: successfully reloaded assembly
- Completed reload, in  6.940 seconds
Domain Reload Profiling:
	ReloadAssembly (6943ms)
		BeginReloadAssembly (348ms)
			ExecutionOrderSort (0ms)
			DisableScriptedObjects (11ms)
			BackupInstance (0ms)
			ReleaseScriptingObjects (0ms)
			CreateAndSetChildDomain (39ms)
		EndReloadAssembly (6436ms)
			LoadAssemblies (267ms)
			RebuildTransferFunctionScriptingTraits (0ms)
			SetupTypeCache (822ms)
			ReleaseScriptCaches (1ms)
			RebuildScriptCaches (208ms)
			SetupLoadedEditorAssemblies (4777ms)
				LogAssemblyErrors (0ms)
				InitializePlatformSupportModulesInManaged (8ms)
				SetLoadedEditorAssemblies (1ms)
				RefreshPlugins (181ms)
				BeforeProcessingInitializeOnLoad (389ms)
				ProcessInitializeOnLoadAttributes (3225ms)
				ProcessInitializeOnLoadMethodAttributes (957ms)
				AfterProcessingInitializeOnLoad (16ms)
				EditorAssembliesLoaded (0ms)
			ExecutionOrderSort2 (0ms)
			AwakeInstancesAfterBackupRestoration (4ms)
Platform modules already initialized, skipping
========================================================================
Worker process is ready to serve import requests
Launched and connected shader compiler UnityShaderCompiler.exe after 0.12 seconds
Multiple plugins with the same name 'basedspl' (found at 'Assets/RSA_API/lib/x86/BaseDSPL.dll' and 'Assets/RSA_API/lib/x64/BaseDSPL.dll'). That means one or more plugins are set to be compatible with Editor. Only one plugin at the time can be used by Editor.
Multiple plugins with the same name 'rsa_api' (found at 'Assets/RSA_API/lib/x86/RSA_API.dll' and 'Assets/RSA_API/lib/x64/RSA_API.dll'). That means one or more plugins are set to be compatible with Editor. Only one plugin at the time can be used by Editor.
Multiple plugins with the same name 'sharedutils' (found at 'Assets/RSA_API/lib/x64/SharedUtils.dll' and 'Assets/RSA_API/lib/x86/SharedUtils.dll'). That means one or more plugins are set to be compatible with Editor. Only one plugin at the time can be used by Editor.
Multiple plugins with the same name 'rsa500api' (found at 'Assets/RSA_API/lib/x86/RSA500API.dll' and 'Assets/RSA_API/lib/x64/RSA500API.dll'). That means one or more plugins are set to be compatible with Editor. Only one plugin at the time can be used by Editor.
Multiple plugins with the same name 'rsa300api' (found at 'Assets/RSA_API/lib/x64/RSA300API.dll' and 'Assets/RSA_API/lib/x86/RSA300API.dll'). That means one or more plugins are set to be compatible with Editor. Only one plugin at the time can be used by Editor.
Multiple plugins with the same name 'gpmeasdsp' (found at 'Assets/RSA_API/lib/x64/GPMeasDSP.dll' and 'Assets/RSA_API/lib/x86/GPMeasDSP.dll'). That means one or more plugins are set to be compatible with Editor. Only one plugin at the time can be used by Editor.
Refreshing native plugins compatible for Editor in 3.20 ms, found 21 plugins.
Preloading 0 native plugins for Editor in 0.00 ms.
Unloading 3781 Unused Serialized files (Serialized files now loaded: 0)
System memory in use before: 149.8 MB.
System memory in use after: 149.8 MB.

Unloading 552 unused Assets to reduce memory usage. Loaded Objects now: 4133.
Total: 11.852700 ms (FindLiveObjects: 0.677300 ms CreateObjectMapping: 0.552200 ms MarkObjects: 9.386900 ms  DeleteObjects: 1.233800 ms)

AssetImportParameters requested are different than current active one (requested -> active):
  custom:framework-win-MediaFoundation: 216162199b28c13a410421893ffa2e32 -> 
  custom:video-decoder-ogg-theora: a1e56fd34408186e4bbccfd4996cb3dc -> 
  custom:container-muxer-webm: aa71ff27fc2769a1b78a27578f13a17b -> 
  custom:container-demuxer-webm: 4f35f7cbe854078d1ac9338744f61a02 -> 
  custom:container-demuxer-ogg: 62fdf1f143b41e24485cea50d1cbac27 -> 
  custom:video-encoder-webm-vp8: eb34c28f22e8b96e1ab97ce403110664 -> 
  custom:video-codec-MediaFoundation-h265: 746d11721c4dcdbdad8f713fa42b33f4 -> 
  custom:video-decoder-webm-vp8: 9c59270c3fd7afecdb556c50c9e8de78 -> 
  custom:audio-decoder-ogg-vorbis: bf7c407c2cedff20999df2af8eb42d56 -> 
  custom:audio-encoder-webm-vorbis: bf7c407c2cedff20999df2af8eb42d56 -> 
========================================================================
Received Import Request.
  path: Assets/cubeColor.mat
  artifactKey: Guid(587dc25b20ebcca4d80c0516d6e97d3e) Importer(815301076,1909f56bfc062723c751e8b465ee728b)
Start importing Assets/cubeColor.mat using Guid(587dc25b20ebcca4d80c0516d6e97d3e) Importer(815301076,1909f56bfc062723c751e8b465ee728b)  -> (artifact id: '708286aeff9edf20b6612c7204c133f7') in 0.327532 seconds 
========================================================================
Received Import Request.
  Time since last request: 0.000410 seconds.
  path: Assets/fetchDPXFrame.cs
  artifactKey: Guid(95a6890900bf5694ca2c13bb52fce92f) Importer(815301076,1909f56bfc062723c751e8b465ee728b)
Start importing Assets/fetchDPXFrame.cs using Guid(95a6890900bf5694ca2c13bb52fce92f) Importer(815301076,1909f56bfc062723c751e8b465ee728b)  -> (artifact id: '0bfa9cdf3d76f6cb5889f8838c036304') in 0.028780 seconds 
========================================================================
Received Import Request.
  Time since last request: 0.000456 seconds.
  path: Assets/exe_axis.png
  artifactKey: Guid(f89abf33c3c6ff34ab1e1adecbca9350) Importer(815301076,1909f56bfc062723c751e8b465ee728b)
Start importing Assets/exe_axis.png using Guid(f89abf33c3c6ff34ab1e1adecbca9350) Importer(815301076,1909f56bfc062723c751e8b465ee728b)  -> (artifact id: 'c208fdaba5b6d11abb379e1af6411247') in 0.149500 seconds 
========================================================================
Received Import Request.
  Time since last request: 0.000453 seconds.
  path: Assets/exe.png
  artifactKey: Guid(90cb53648acc5e44887b66e8fd81adb0) Importer(815301076,1909f56bfc062723c751e8b465ee728b)
Start importing Assets/exe.png using Guid(90cb53648acc5e44887b66e8fd81adb0) Importer(815301076,1909f56bfc062723c751e8b465ee728b)  -> (artifact id: '89f15273ef25ade39118cce479673c51') in 0.041182 seconds 
========================================================================
Received Prepare
Registering precompiled user dll's ...
Registered in 0.035729 seconds.
Begin MonoManager ReloadAssembly
Native extension for WindowsStandalone target not found
Multiple plugins with the same name 'basedspl' (found at 'Assets/RSA_API/lib/x86/BaseDSPL.dll' and 'Assets/RSA_API/lib/x64/BaseDSPL.dll'). That means one or more plugins are set to be compatible with Editor. Only one plugin at the time can be used by Editor.
Multiple plugins with the same name 'rsa_api' (found at 'Assets/RSA_API/lib/x86/RSA_API.dll' and 'Assets/RSA_API/lib/x64/RSA_API.dll'). That means one or more plugins are set to be compatible with Editor. Only one plugin at the time can be used by Editor.
Multiple plugins with the same name 'sharedutils' (found at 'Assets/RSA_API/lib/x64/SharedUtils.dll' and 'Assets/RSA_API/lib/x86/SharedUtils.dll'). That means one or more plugins are set to be compatible with Editor. Only one plugin at the time can be used by Editor.
Multiple plugins with the same name 'rsa500api' (found at 'Assets/RSA_API/lib/x86/RSA500API.dll' and 'Assets/RSA_API/lib/x64/RSA500API.dll'). That means one or more plugins are set to be compatible with Editor. Only one plugin at the time can be used by Editor.
Multiple plugins with the same name 'rsa300api' (found at 'Assets/RSA_API/lib/x64/RSA300API.dll' and 'Assets/RSA_API/lib/x86/RSA300API.dll'). That means one or more plugins are set to be compatible with Editor. Only one plugin at the time can be used by Editor.
Multiple plugins with the same name 'gpmeasdsp' (found at 'Assets/RSA_API/lib/x64/GPMeasDSP.dll' and 'Assets/RSA_API/lib/x86/GPMeasDSP.dll'). That means one or more plugins are set to be compatible with Editor. Only one plugin at the time can be used by Editor.
Refreshing native plugins compatible for Editor in 3.08 ms, found 21 plugins.
Preloading 0 native plugins for Editor in 0.00 ms.
Added DLL directory C:\Users\Cerat\OneDrive\Documents\Github\UP_Tektronix_Capstone\Hololens Demo\Library\PackageCache\com.microsoft.mixedreality.input@c707ff4d69e7\Plugins\Windows\x64 to the user search path.
UnityEngine.StackTraceUtility:ExtractStackTrace ()
UnityEngine.DebugLogHandler:LogFormat (UnityEngine.LogType,UnityEngine.Object,string,object[])
UnityEngine.Logger:Log (UnityEngine.LogType,object)
UnityEngine.Debug:Log (object)
Microsoft.MixedReality.Input.Init:.cctor () (at Library/PackageCache/com.microsoft.mixedreality.input@c707ff4d69e7/Editor/Microsoft.MixedReality.Input.Init.cs:88)
System.Runtime.CompilerServices.RuntimeHelpers:RunClassConstructor (System.RuntimeTypeHandle)
UnityEditor.EditorAssemblies:ProcessInitializeOnLoadAttributes (System.Type[])

(Filename: Library/PackageCache/com.microsoft.mixedreality.input@c707ff4d69e7/Editor/Microsoft.MixedReality.Input.Init.cs Line: 88)

Error when attempting to update scene info fields. Scene info data may be stale.
UnityEngine.StackTraceUtility:ExtractStackTrace ()
UnityEngine.DebugLogHandler:LogFormat (UnityEngine.LogType,UnityEngine.Object,string,object[])
UnityEngine.Logger:Log (UnityEngine.LogType,object)
UnityEngine.Debug:LogWarning (object)
Microsoft.MixedReality.Toolkit.Editor.SceneInfoUtils:RefreshSceneInfoFieldsInScriptableObjects () (at Library/PackageCache/com.microsoft.mixedreality.toolkit.foundation@3bad99c89252/Core/Inspectors/PropertyDrawers/SceneInfoUtils.cs:313)
Microsoft.MixedReality.Toolkit.Editor.SceneInfoUtils:InitializeOnLoad () (at Library/PackageCache/com.microsoft.mixedreality.toolkit.foundation@3bad99c89252/Core/Inspectors/PropertyDrawers/SceneInfoUtils.cs:231)
System.Reflection.MonoMethod:Invoke (object,System.Reflection.BindingFlags,System.Reflection.Binder,object[],System.Globalization.CultureInfo)
System.Reflection.MethodBase:Invoke (object,object[])
UnityEditor.EditorAssemblies:ProcessInitializeOnLoadMethodAttributes ()

(Filename: Library/PackageCache/com.microsoft.mixedreality.toolkit.foundation@3bad99c89252/Core/Inspectors/PropertyDrawers/SceneInfoUtils.cs Line: 313)

[XR] [MROpenXR][Info   ][14:05:25.163534][tid:3ffc] MicrosoftOpenXRPlugin_SetPluginEnvironment unityVersion=2020.3.39f1
[XR] [MROpenXR][Info   ][14:05:25.164709][tid:3ffc] MicrosoftOpenXRPlugin_SetPluginEnvironment openXRPluginVersion=1.5.1
[XR] [MROpenXR][Info   ][14:05:25.164827][tid:3ffc] MicrosoftOpenXRPlugin_SetPluginEnvironment mrOpenXRPluginVersion=1.3.1.0
[XR] [MROpenXR][Info   ][14:05:25.165007][tid:3ffc] OnPluginStarted UnityVersion=2020.3.39f1 OpenXRPluginVersion=1.5.1 MROpenXRPluginVersion=1.3.1.0 PartA_PrivTags=33554432
Mono: successfully reloaded assembly
- Completed reload, in  5.472 seconds
Domain Reload Profiling:
	ReloadAssembly (5473ms)
		BeginReloadAssembly (302ms)
			ExecutionOrderSort (0ms)
			DisableScriptedObjects (10ms)
			BackupInstance (0ms)
			ReleaseScriptingObjects (0ms)
			CreateAndSetChildDomain (98ms)
		EndReloadAssembly (4993ms)
			LoadAssemblies (293ms)
			RebuildTransferFunctionScriptingTraits (0ms)
			SetupTypeCache (1223ms)
			ReleaseScriptCaches (2ms)
			RebuildScriptCaches (138ms)
			SetupLoadedEditorAssemblies (2997ms)
				LogAssemblyErrors (0ms)
				InitializePlatformSupportModulesInManaged (8ms)
				SetLoadedEditorAssemblies (1ms)
				RefreshPlugins (3ms)
				BeforeProcessingInitializeOnLoad (227ms)
				ProcessInitializeOnLoadAttributes (2422ms)
				ProcessInitializeOnLoadMethodAttributes (320ms)
				AfterProcessingInitializeOnLoad (16ms)
				EditorAssembliesLoaded (0ms)
			ExecutionOrderSort2 (0ms)
			AwakeInstancesAfterBackupRestoration (18ms)
Platform modules already initialized, skipping
Multiple plugins with the same name 'basedspl' (found at 'Assets/RSA_API/lib/x86/BaseDSPL.dll' and 'Assets/RSA_API/lib/x64/BaseDSPL.dll'). That means one or more plugins are set to be compatible with Editor. Only one plugin at the time can be used by Editor.
Multiple plugins with the same name 'rsa_api' (found at 'Assets/RSA_API/lib/x86/RSA_API.dll' and 'Assets/RSA_API/lib/x64/RSA_API.dll'). That means one or more plugins are set to be compatible with Editor. Only one plugin at the time can be used by Editor.
Multiple plugins with the same name 'sharedutils' (found at 'Assets/RSA_API/lib/x64/SharedUtils.dll' and 'Assets/RSA_API/lib/x86/SharedUtils.dll'). That means one or more plugins are set to be compatible with Editor. Only one plugin at the time can be used by Editor.
Multiple plugins with the same name 'rsa500api' (found at 'Assets/RSA_API/lib/x86/RSA500API.dll' and 'Assets/RSA_API/lib/x64/RSA500API.dll'). That means one or more plugins are set to be compatible with Editor. Only one plugin at the time can be used by Editor.
Multiple plugins with the same name 'rsa300api' (found at 'Assets/RSA_API/lib/x64/RSA300API.dll' and 'Assets/RSA_API/lib/x86/RSA300API.dll'). That means one or more plugins are set to be compatible with Editor. Only one plugin at the time can be used by Editor.
Multiple plugins with the same name 'gpmeasdsp' (found at 'Assets/RSA_API/lib/x64/GPMeasDSP.dll' and 'Assets/RSA_API/lib/x86/GPMeasDSP.dll'). That means one or more plugins are set to be compatible with Editor. Only one plugin at the time can be used by Editor.
Refreshing native plugins compatible for Editor in 3.05 ms, found 21 plugins.
Preloading 0 native plugins for Editor in 0.00 ms.
Unloading 3672 Unused Serialized files (Serialized files now loaded: 0)
System memory in use before: 145.4 MB.
System memory in use after: 145.7 MB.

Unloading 76 unused Assets to reduce memory usage. Loaded Objects now: 4178.
Total: 7.561000 ms (FindLiveObjects: 0.443800 ms CreateObjectMapping: 0.352800 ms MarkObjects: 6.679100 ms  DeleteObjects: 0.083400 ms)

AssetImportParameters requested are different than current active one (requested -> active):
  custom:framework-win-MediaFoundation: 216162199b28c13a410421893ffa2e32 -> 
  custom:video-decoder-ogg-theora: a1e56fd34408186e4bbccfd4996cb3dc -> 
  custom:container-muxer-webm: aa71ff27fc2769a1b78a27578f13a17b -> 
  custom:container-demuxer-webm: 4f35f7cbe854078d1ac9338744f61a02 -> 
  custom:container-demuxer-ogg: 62fdf1f143b41e24485cea50d1cbac27 -> 
  custom:video-encoder-webm-vp8: eb34c28f22e8b96e1ab97ce403110664 -> 
  custom:video-codec-MediaFoundation-h265: 746d11721c4dcdbdad8f713fa42b33f4 -> 
  custom:video-decoder-webm-vp8: 9c59270c3fd7afecdb556c50c9e8de78 -> 
  custom:audio-decoder-ogg-vorbis: bf7c407c2cedff20999df2af8eb42d56 -> 
  custom:audio-encoder-webm-vorbis: bf7c407c2cedff20999df2af8eb42d56 -> 
========================================================================
Received Import Request.
  Time since last request: 442.820215 seconds.
  path: Assets/exe.png
  artifactKey: Guid(90cb53648acc5e44887b66e8fd81adb0) Importer(815301076,1909f56bfc062723c751e8b465ee728b)
Start importing Assets/exe.png using Guid(90cb53648acc5e44887b66e8fd81adb0) Importer(815301076,1909f56bfc062723c751e8b465ee728b)  -> (artifact id: '85d93845063a344780453146eb1b5e10') in 0.091182 seconds 
========================================================================
Received Prepare
Registering precompiled user dll's ...
Registered in 0.019568 seconds.
Begin MonoManager ReloadAssembly
Native extension for WindowsStandalone target not found
Multiple plugins with the same name 'basedspl' (found at 'Assets/RSA_API/lib/x86/BaseDSPL.dll' and 'Assets/RSA_API/lib/x64/BaseDSPL.dll'). That means one or more plugins are set to be compatible with Editor. Only one plugin at the time can be used by Editor.
Multiple plugins with the same name 'rsa_api' (found at 'Assets/RSA_API/lib/x86/RSA_API.dll' and 'Assets/RSA_API/lib/x64/RSA_API.dll'). That means one or more plugins are set to be compatible with Editor. Only one plugin at the time can be used by Editor.
Multiple plugins with the same name 'sharedutils' (found at 'Assets/RSA_API/lib/x64/SharedUtils.dll' and 'Assets/RSA_API/lib/x86/SharedUtils.dll'). That means one or more plugins are set to be compatible with Editor. Only one plugin at the time can be used by Editor.
Multiple plugins with the same name 'rsa500api' (found at 'Assets/RSA_API/lib/x86/RSA500API.dll' and 'Assets/RSA_API/lib/x64/RSA500API.dll'). That means one or more plugins are set to be compatible with Editor. Only one plugin at the time can be used by Editor.
Multiple plugins with the same name 'rsa300api' (found at 'Assets/RSA_API/lib/x64/RSA300API.dll' and 'Assets/RSA_API/lib/x86/RSA300API.dll'). That means one or more plugins are set to be compatible with Editor. Only one plugin at the time can be used by Editor.
Multiple plugins with the same name 'gpmeasdsp' (found at 'Assets/RSA_API/lib/x64/GPMeasDSP.dll' and 'Assets/RSA_API/lib/x86/GPMeasDSP.dll'). That means one or more plugins are set to be compatible with Editor. Only one plugin at the time can be used by Editor.
Refreshing native plugins compatible for Editor in 2.47 ms, found 21 plugins.
Preloading 0 native plugins for Editor in 0.00 ms.
Added DLL directory C:\Users\Cerat\OneDrive\Documents\Github\UP_Tektronix_Capstone\Hololens Demo\Library\PackageCache\com.microsoft.mixedreality.input@c707ff4d69e7\Plugins\Windows\x64 to the user search path.
UnityEngine.StackTraceUtility:ExtractStackTrace ()
UnityEngine.DebugLogHandler:LogFormat (UnityEngine.LogType,UnityEngine.Object,string,object[])
UnityEngine.Logger:Log (UnityEngine.LogType,object)
UnityEngine.Debug:Log (object)
Microsoft.MixedReality.Input.Init:.cctor () (at Library/PackageCache/com.microsoft.mixedreality.input@c707ff4d69e7/Editor/Microsoft.MixedReality.Input.Init.cs:88)
System.Runtime.CompilerServices.RuntimeHelpers:RunClassConstructor (System.RuntimeTypeHandle)
UnityEditor.EditorAssemblies:ProcessInitializeOnLoadAttributes (System.Type[])

(Filename: Library/PackageCache/com.microsoft.mixedreality.input@c707ff4d69e7/Editor/Microsoft.MixedReality.Input.Init.cs Line: 88)

Error when attempting to update scene info fields. Scene info data may be stale.
UnityEngine.StackTraceUtility:ExtractStackTrace ()
UnityEngine.DebugLogHandler:LogFormat (UnityEngine.LogType,UnityEngine.Object,string,object[])
UnityEngine.Logger:Log (UnityEngine.LogType,object)
UnityEngine.Debug:LogWarning (object)
Microsoft.MixedReality.Toolkit.Editor.SceneInfoUtils:RefreshSceneInfoFieldsInScriptableObjects () (at Library/PackageCache/com.microsoft.mixedreality.toolkit.foundation@3bad99c89252/Core/Inspectors/PropertyDrawers/SceneInfoUtils.cs:313)
Microsoft.MixedReality.Toolkit.Editor.SceneInfoUtils:InitializeOnLoad () (at Library/PackageCache/com.microsoft.mixedreality.toolkit.foundation@3bad99c89252/Core/Inspectors/PropertyDrawers/SceneInfoUtils.cs:231)
System.Reflection.MonoMethod:Invoke (object,System.Reflection.BindingFlags,System.Reflection.Binder,object[],System.Globalization.CultureInfo)
System.Reflection.MethodBase:Invoke (object,object[])
UnityEditor.EditorAssemblies:ProcessInitializeOnLoadMethodAttributes ()

(Filename: Library/PackageCache/com.microsoft.mixedreality.toolkit.foundation@3bad99c89252/Core/Inspectors/PropertyDrawers/SceneInfoUtils.cs Line: 313)

[XR] [MROpenXR][Info   ][14:16:30.942096][tid:3ffc] MicrosoftOpenXRPlugin_SetPluginEnvironment unityVersion=2020.3.39f1
[XR] [MROpenXR][Info   ][14:16:30.942864][tid:3ffc] MicrosoftOpenXRPlugin_SetPluginEnvironment openXRPluginVersion=1.5.1
[XR] [MROpenXR][Info   ][14:16:30.942935][tid:3ffc] MicrosoftOpenXRPlugin_SetPluginEnvironment mrOpenXRPluginVersion=1.3.1.0
[XR] [MROpenXR][Info   ][14:16:30.943058][tid:3ffc] OnPluginStarted UnityVersion=2020.3.39f1 OpenXRPluginVersion=1.5.1 MROpenXRPluginVersion=1.3.1.0 PartA_PrivTags=33554432
Mono: successfully reloaded assembly
- Completed reload, in  2.526 seconds
Domain Reload Profiling:
	ReloadAssembly (2526ms)
		BeginReloadAssembly (151ms)
			ExecutionOrderSort (0ms)
			DisableScriptedObjects (6ms)
			BackupInstance (0ms)
			ReleaseScriptingObjects (0ms)
			CreateAndSetChildDomain (47ms)
		EndReloadAssembly (2299ms)
			LoadAssemblies (133ms)
			RebuildTransferFunctionScriptingTraits (0ms)
			SetupTypeCache (391ms)
			ReleaseScriptCaches (1ms)
			RebuildScriptCaches (50ms)
			SetupLoadedEditorAssemblies (1455ms)
				LogAssemblyErrors (0ms)
				InitializePlatformSupportModulesInManaged (4ms)
				SetLoadedEditorAssemblies (1ms)
				RefreshPlugins (3ms)
				BeforeProcessingInitializeOnLoad (103ms)
				ProcessInitializeOnLoadAttributes (1168ms)
				ProcessInitializeOnLoadMethodAttributes (169ms)
				AfterProcessingInitializeOnLoad (7ms)
				EditorAssembliesLoaded (0ms)
			ExecutionOrderSort2 (0ms)
			AwakeInstancesAfterBackupRestoration (12ms)
Platform modules already initialized, skipping
Multiple plugins with the same name 'basedspl' (found at 'Assets/RSA_API/lib/x86/BaseDSPL.dll' and 'Assets/RSA_API/lib/x64/BaseDSPL.dll'). That means one or more plugins are set to be compatible with Editor. Only one plugin at the time can be used by Editor.
Multiple plugins with the same name 'rsa_api' (found at 'Assets/RSA_API/lib/x86/RSA_API.dll' and 'Assets/RSA_API/lib/x64/RSA_API.dll'). That means one or more plugins are set to be compatible with Editor. Only one plugin at the time can be used by Editor.
Multiple plugins with the same name 'sharedutils' (found at 'Assets/RSA_API/lib/x64/SharedUtils.dll' and 'Assets/RSA_API/lib/x86/SharedUtils.dll'). That means one or more plugins are set to be compatible with Editor. Only one plugin at the time can be used by Editor.
Multiple plugins with the same name 'rsa500api' (found at 'Assets/RSA_API/lib/x86/RSA500API.dll' and 'Assets/RSA_API/lib/x64/RSA500API.dll'). That means one or more plugins are set to be compatible with Editor. Only one plugin at the time can be used by Editor.
Multiple plugins with the same name 'rsa300api' (found at 'Assets/RSA_API/lib/x64/RSA300API.dll' and 'Assets/RSA_API/lib/x86/RSA300API.dll'). That means one or more plugins are set to be compatible with Editor. Only one plugin at the time can be used by Editor.
Multiple plugins with the same name 'gpmeasdsp' (found at 'Assets/RSA_API/lib/x64/GPMeasDSP.dll' and 'Assets/RSA_API/lib/x86/GPMeasDSP.dll'). That means one or more plugins are set to be compatible with Editor. Only one plugin at the time can be used by Editor.
Refreshing native plugins compatible for Editor in 1.60 ms, found 21 plugins.
Preloading 0 native plugins for Editor in 0.00 ms.
Unloading 3672 Unused Serialized files (Serialized files now loaded: 0)
System memory in use before: 145.5 MB.
System memory in use after: 145.7 MB.

Unloading 76 unused Assets to reduce memory usage. Loaded Objects now: 4182.
Total: 3.614900 ms (FindLiveObjects: 0.292500 ms CreateObjectMapping: 0.209600 ms MarkObjects: 3.068600 ms  DeleteObjects: 0.043400 ms)

AssetImportParameters requested are different than current active one (requested -> active):
  custom:framework-win-MediaFoundation: 216162199b28c13a410421893ffa2e32 -> 
  custom:video-decoder-ogg-theora: a1e56fd34408186e4bbccfd4996cb3dc -> 
  custom:container-muxer-webm: aa71ff27fc2769a1b78a27578f13a17b -> 
  custom:container-demuxer-webm: 4f35f7cbe854078d1ac9338744f61a02 -> 
  custom:container-demuxer-ogg: 62fdf1f143b41e24485cea50d1cbac27 -> 
  custom:video-encoder-webm-vp8: eb34c28f22e8b96e1ab97ce403110664 -> 
  custom:video-codec-MediaFoundation-h265: 746d11721c4dcdbdad8f713fa42b33f4 -> 
  custom:video-decoder-webm-vp8: 9c59270c3fd7afecdb556c50c9e8de78 -> 
  custom:audio-decoder-ogg-vorbis: bf7c407c2cedff20999df2af8eb42d56 -> 
  custom:audio-encoder-webm-vorbis: bf7c407c2cedff20999df2af8eb42d56 -> 
========================================================================
Received Import Request.
  Time since last request: 1309.602888 seconds.
  path: Assets/exe.png
  artifactKey: Guid(90cb53648acc5e44887b66e8fd81adb0) Importer(815301076,1909f56bfc062723c751e8b465ee728b)
Start importing Assets/exe.png using Guid(90cb53648acc5e44887b66e8fd81adb0) Importer(815301076,1909f56bfc062723c751e8b465ee728b)  -> (artifact id: '238a2d28ef766f89d162df7973281d4f') in 0.055718 seconds 
========================================================================
Received Import Request.
  Time since last request: 179.036176 seconds.
  path: Assets/exe.png
  artifactKey: Guid(90cb53648acc5e44887b66e8fd81adb0) Importer(815301076,1909f56bfc062723c751e8b465ee728b)
Start importing Assets/exe.png using Guid(90cb53648acc5e44887b66e8fd81adb0) Importer(815301076,1909f56bfc062723c751e8b465ee728b)  -> (artifact id: 'a86db8a9e64c5307603108dd3fd50476') in 0.048263 seconds 
========================================================================
Received Import Request.
  Time since last request: 32.141034 seconds.
  path: Assets/exe.png
  artifactKey: Guid(90cb53648acc5e44887b66e8fd81adb0) Importer(815301076,1909f56bfc062723c751e8b465ee728b)
Start importing Assets/exe.png using Guid(90cb53648acc5e44887b66e8fd81adb0) Importer(815301076,1909f56bfc062723c751e8b465ee728b)  -> (artifact id: '062d792deb7e434772f744c21e28145a') in 0.016747 seconds 
